{"txn_id": 1, "type": "BEGIN", "lsn": 0, "timestamp": 1775306423.51175}
{"txn_id": 1, "type": "WRITE", "table": "roles", "operation": "INSERT", "key": 1, "old_value": null, "new_value": {"Role_ID": 1, "Role_Name": "Student", "Description": "Resident"}, "lsn": 1, "timestamp": 1775306423.512}
{"txn_id": 1, "type": "WRITE", "table": "roles", "operation": "INSERT", "key": 2, "old_value": null, "new_value": {"Role_ID": 2, "Role_Name": "Warden", "Description": "Manager"}, "lsn": 2, "timestamp": 1775306423.512099}
{"txn_id": 1, "type": "WRITE", "table": "roles", "operation": "INSERT", "key": 3, "old_value": null, "new_value": {"Role_ID": 3, "Role_Name": "Admin", "Description": "System Admin"}, "lsn": 3, "timestamp": 1775306423.5121799}
{"txn_id": 1, "type": "WRITE", "table": "members", "operation": "INSERT", "key": 100, "old_value": null, "new_value": {"Member_ID": 100, "First_Name": "Super", "Last_Name": "Admin", "Gender": "M", "Age": 45, "Contact_Number": "9999999999", "Email": "admin@stayease.com", "Password": "password123", "Emergency_Contact": "9999999998", "Image_Path": "default.png", "Role_ID": 3, "Status": "Active"}, "lsn": 4, "timestamp": 1775306423.512257}
{"txn_id": 1, "type": "WRITE", "table": "members", "operation": "INSERT", "key": 101, "old_value": null, "new_value": {"Member_ID": 101, "First_Name": "Riya", "Last_Name": "Patel", "Gender": "F", "Age": 32, "Contact_Number": "9876500101", "Email": "warden1@stayease.com", "Password": "password123", "Emergency_Contact": "0000000000", "Image_Path": "default.png", "Role_ID": 2, "Status": "Active"}, "lsn": 5, "timestamp": 1775306423.512327}
{"txn_id": 1, "type": "WRITE", "table": "members", "operation": "INSERT", "key": 102, "old_value": null, "new_value": {"Member_ID": 102, "First_Name": "Vikram", "Last_Name": "Singh", "Gender": "M", "Age": 40, "Contact_Number": "9876500102", "Email": "warden2@stayease.com", "Password": "password123", "Emergency_Contact": "0000000000", "Image_Path": "default.png", "Role_ID": 2, "Status": "Active"}, "lsn": 6, "timestamp": 1775306423.512395}
{"txn_id": 1, "type": "WRITE", "table": "members", "operation": "INSERT", "key": 103, "old_value": null, "new_value": {"Member_ID": 103, "First_Name": "Sunita", "Last_Name": "Desai", "Gender": "F", "Age": 38, "Contact_Number": "9876500103", "Email": "warden3@stayease.com", "Password": "password123", "Emergency_Contact": "0000000000", "Image_Path": "default.png", "Role_ID": 2, "Status": "Active"}, "lsn": 7, "timestamp": 1775306423.51246}
{"txn_id": 1, "type": "WRITE", "table": "members", "operation": "INSERT", "key": 104, "old_value": null, "new_value": {"Member_ID": 104, "First_Name": "Rahul", "Last_Name": "Verma", "Gender": "M", "Age": 42, "Contact_Number": "9876500104", "Email": "warden4@stayease.com", "Password": "password123", "Emergency_Contact": "0000000000", "Image_Path": "default.png", "Role_ID": 2, "Status": "Active"}, "lsn": 8, "timestamp": 1775306423.512528}
{"txn_id": 1, "type": "WRITE", "table": "hostels", "operation": "INSERT", "key": 1, "old_value": null, "new_value": {"Hostel_ID": 1, "Hostel_Name": "Yamuna Girls Hostel", "Hostel_Type": "Girls", "Total_Floors": 3, "Warden_ID": 101}, "lsn": 9, "timestamp": 1775306423.512594}
{"txn_id": 1, "type": "WRITE", "table": "hostels", "operation": "INSERT", "key": 2, "old_value": null, "new_value": {"Hostel_ID": 2, "Hostel_Name": "Ganga Boys Hostel", "Hostel_Type": "Boys", "Total_Floors": 4, "Warden_ID": 102}, "lsn": 10, "timestamp": 1775306423.512661}
{"txn_id": 1, "type": "WRITE", "table": "hostels", "operation": "INSERT", "key": 3, "old_value": null, "new_value": {"Hostel_ID": 3, "Hostel_Name": "Saraswati Girls Hostel", "Hostel_Type": "Girls", "Total_Floors": 2, "Warden_ID": 103}, "lsn": 11, "timestamp": 1775306423.512738}
{"txn_id": 1, "type": "WRITE", "table": "hostels", "operation": "INSERT", "key": 4, "old_value": null, "new_value": {"Hostel_ID": 4, "Hostel_Name": "Narmada Boys Hostel", "Hostel_Type": "Boys", "Total_Floors": 3, "Warden_ID": 104}, "lsn": 12, "timestamp": 1775306423.5128121}
{"txn_id": 1, "type": "WRITE", "table": "rooms", "operation": "INSERT", "key": 201, "old_value": null, "new_value": {"Room_ID": 201, "Room_Number": "201", "Hostel_ID": 1, "Floor_Number": 2, "Capacity": 2}, "lsn": 13, "timestamp": 1775306423.512883}
{"txn_id": 1, "type": "WRITE", "table": "rooms", "operation": "INSERT", "key": 202, "old_value": null, "new_value": {"Room_ID": 202, "Room_Number": "202", "Hostel_ID": 1, "Floor_Number": 2, "Capacity": 2}, "lsn": 14, "timestamp": 1775306423.512966}
{"txn_id": 1, "type": "WRITE", "table": "rooms", "operation": "INSERT", "key": 101, "old_value": null, "new_value": {"Room_ID": 101, "Room_Number": "101", "Hostel_ID": 2, "Floor_Number": 1, "Capacity": 3}, "lsn": 15, "timestamp": 1775306423.5130339}
{"txn_id": 1, "type": "WRITE", "table": "rooms", "operation": "INSERT", "key": 102, "old_value": null, "new_value": {"Room_ID": 102, "Room_Number": "102", "Hostel_ID": 2, "Floor_Number": 1, "Capacity": 2}, "lsn": 16, "timestamp": 1775306423.513102}
{"txn_id": 1, "type": "WRITE", "table": "rooms", "operation": "INSERT", "key": 301, "old_value": null, "new_value": {"Room_ID": 301, "Room_Number": "301", "Hostel_ID": 3, "Floor_Number": 1, "Capacity": 2}, "lsn": 17, "timestamp": 1775306423.5131688}
{"txn_id": 1, "type": "WRITE", "table": "rooms", "operation": "INSERT", "key": 401, "old_value": null, "new_value": {"Room_ID": 401, "Room_Number": "401", "Hostel_ID": 4, "Floor_Number": 1, "Capacity": 4}, "lsn": 18, "timestamp": 1775306423.5132391}
{"txn_id": 1, "type": "WRITE", "table": "members", "operation": "INSERT", "key": 110, "old_value": null, "new_value": {"Member_ID": 110, "First_Name": "Priya", "Last_Name": "Sharma", "Gender": "F", "Age": 20, "Contact_Number": "8888800110", "Email": "student1@stayease.com", "Password": "password123", "Emergency_Contact": "0000000000", "Image_Path": "default.png", "Role_ID": 1, "Status": "Active"}, "lsn": 19, "timestamp": 1775306423.513304}
{"txn_id": 1, "type": "WRITE", "table": "members", "operation": "INSERT", "key": 111, "old_value": null, "new_value": {"Member_ID": 111, "First_Name": "Ananya", "Last_Name": "Gupta", "Gender": "F", "Age": 19, "Contact_Number": "8888800111", "Email": "student2@stayease.com", "Password": "password123", "Emergency_Contact": "0000000000", "Image_Path": "default.png", "Role_ID": 1, "Status": "Active"}, "lsn": 20, "timestamp": 1775306423.513371}
{"txn_id": 1, "type": "WRITE", "table": "members", "operation": "INSERT", "key": 112, "old_value": null, "new_value": {"Member_ID": 112, "First_Name": "Kavita", "Last_Name": "Rao", "Gender": "F", "Age": 21, "Contact_Number": "8888800112", "Email": "student3@stayease.com", "Password": "password123", "Emergency_Contact": "0000000000", "Image_Path": "default.png", "Role_ID": 1, "Status": "Active"}, "lsn": 21, "timestamp": 1775306423.513443}
{"txn_id": 1, "type": "WRITE", "table": "members", "operation": "INSERT", "key": 113, "old_value": null, "new_value": {"Member_ID": 113, "First_Name": "Sneha", "Last_Name": "Iyer", "Gender": "F", "Age": 20, "Contact_Number": "8888800113", "Email": "student4@stayease.com", "Password": "password123", "Emergency_Contact": "0000000000", "Image_Path": "default.png", "Role_ID": 1, "Status": "Active"}, "lsn": 22, "timestamp": 1775306423.513514}
{"txn_id": 1, "type": "WRITE", "table": "members", "operation": "INSERT", "key": 114, "old_value": null, "new_value": {"Member_ID": 114, "First_Name": "Pooja", "Last_Name": "Joshi", "Gender": "F", "Age": 19, "Contact_Number": "8888800114", "Email": "unallocated1@stayease.com", "Password": "password123", "Emergency_Contact": "0000000000", "Image_Path": "default.png", "Role_ID": 1, "Status": "Active"}, "lsn": 23, "timestamp": 1775306423.51358}
{"txn_id": 1, "type": "WRITE", "table": "members", "operation": "INSERT", "key": 115, "old_value": null, "new_value": {"Member_ID": 115, "First_Name": "Meera", "Last_Name": "Reddy", "Gender": "F", "Age": 22, "Contact_Number": "8888800115", "Email": "unallocated2@stayease.com", "Password": "password123", "Emergency_Contact": "0000000000", "Image_Path": "default.png", "Role_ID": 1, "Status": "Active"}, "lsn": 24, "timestamp": 1775306423.513647}
{"txn_id": 1, "type": "WRITE", "table": "members", "operation": "INSERT", "key": 116, "old_value": null, "new_value": {"Member_ID": 116, "First_Name": "Amit", "Last_Name": "Kumar", "Gender": "M", "Age": 20, "Contact_Number": "8888800116", "Email": "student5@stayease.com", "Password": "password123", "Emergency_Contact": "0000000000", "Image_Path": "default.png", "Role_ID": 1, "Status": "Active"}, "lsn": 25, "timestamp": 1775306423.51374}
{"txn_id": 1, "type": "WRITE", "table": "members", "operation": "INSERT", "key": 117, "old_value": null, "new_value": {"Member_ID": 117, "First_Name": "Rohan", "Last_Name": "Das", "Gender": "M", "Age": 21, "Contact_Number": "8888800117", "Email": "student6@stayease.com", "Password": "password123", "Emergency_Contact": "0000000000", "Image_Path": "default.png", "Role_ID": 1, "Status": "Active"}, "lsn": 26, "timestamp": 1775306423.513835}
{"txn_id": 1, "type": "WRITE", "table": "members", "operation": "INSERT", "key": 118, "old_value": null, "new_value": {"Member_ID": 118, "First_Name": "Karan", "Last_Name": "Malhotra", "Gender": "M", "Age": 19, "Contact_Number": "8888800118", "Email": "student7@stayease.com", "Password": "password123", "Emergency_Contact": "0000000000", "Image_Path": "default.png", "Role_ID": 1, "Status": "Active"}, "lsn": 27, "timestamp": 1775306423.513907}
{"txn_id": 1, "type": "WRITE", "table": "members", "operation": "INSERT", "key": 119, "old_value": null, "new_value": {"Member_ID": 119, "First_Name": "Arjun", "Last_Name": "Nair", "Gender": "M", "Age": 20, "Contact_Number": "8888800119", "Email": "student8@stayease.com", "Password": "password123", "Emergency_Contact": "0000000000", "Image_Path": "default.png", "Role_ID": 1, "Status": "Active"}, "lsn": 28, "timestamp": 1775306423.513976}
{"txn_id": 1, "type": "WRITE", "table": "members", "operation": "INSERT", "key": 120, "old_value": null, "new_value": {"Member_ID": 120, "First_Name": "Yash", "Last_Name": "Singhania", "Gender": "M", "Age": 22, "Contact_Number": "8888800120", "Email": "student9@stayease.com", "Password": "password123", "Emergency_Contact": "0000000000", "Image_Path": "default.png", "Role_ID": 1, "Status": "Active"}, "lsn": 29, "timestamp": 1775306423.514047}
{"txn_id": 1, "type": "WRITE", "table": "members", "operation": "INSERT", "key": 121, "old_value": null, "new_value": {"Member_ID": 121, "First_Name": "Dev", "Last_Name": "Patel", "Gender": "M", "Age": 19, "Contact_Number": "8888800121", "Email": "unallocated3@stayease.com", "Password": "password123", "Emergency_Contact": "0000000000", "Image_Path": "default.png", "Role_ID": 1, "Status": "Active"}, "lsn": 30, "timestamp": 1775306423.5141141}
{"txn_id": 1, "type": "WRITE", "table": "room_allocations", "operation": "INSERT", "key": 1, "old_value": null, "new_value": {"Allocation_ID": 1, "Member_ID": 110, "Room_ID": 201, "Allocation_Date": "2026-01-10", "Check_Out_Date": "None", "Status": "Active"}, "lsn": 31, "timestamp": 1775306423.5141802}
{"txn_id": 1, "type": "WRITE", "table": "room_allocations", "operation": "INSERT", "key": 2, "old_value": null, "new_value": {"Allocation_ID": 2, "Member_ID": 111, "Room_ID": 201, "Allocation_Date": "2026-01-10", "Check_Out_Date": "None", "Status": "Active"}, "lsn": 32, "timestamp": 1775306423.51425}
{"txn_id": 1, "type": "WRITE", "table": "room_allocations", "operation": "INSERT", "key": 3, "old_value": null, "new_value": {"Allocation_ID": 3, "Member_ID": 112, "Room_ID": 202, "Allocation_Date": "2026-01-10", "Check_Out_Date": "None", "Status": "Active"}, "lsn": 33, "timestamp": 1775306423.5143108}
{"txn_id": 1, "type": "WRITE", "table": "room_allocations", "operation": "INSERT", "key": 4, "old_value": null, "new_value": {"Allocation_ID": 4, "Member_ID": 113, "Room_ID": 301, "Allocation_Date": "2026-01-10", "Check_Out_Date": "None", "Status": "Active"}, "lsn": 34, "timestamp": 1775306423.514373}
{"txn_id": 1, "type": "WRITE", "table": "room_allocations", "operation": "INSERT", "key": 5, "old_value": null, "new_value": {"Allocation_ID": 5, "Member_ID": 116, "Room_ID": 101, "Allocation_Date": "2026-01-10", "Check_Out_Date": "None", "Status": "Active"}, "lsn": 35, "timestamp": 1775306423.514434}
{"txn_id": 1, "type": "WRITE", "table": "room_allocations", "operation": "INSERT", "key": 6, "old_value": null, "new_value": {"Allocation_ID": 6, "Member_ID": 117, "Room_ID": 101, "Allocation_Date": "2026-01-10", "Check_Out_Date": "None", "Status": "Active"}, "lsn": 36, "timestamp": 1775306423.514509}
{"txn_id": 1, "type": "WRITE", "table": "room_allocations", "operation": "INSERT", "key": 7, "old_value": null, "new_value": {"Allocation_ID": 7, "Member_ID": 118, "Room_ID": 102, "Allocation_Date": "2026-01-10", "Check_Out_Date": "None", "Status": "Active"}, "lsn": 37, "timestamp": 1775306423.5145862}
{"txn_id": 1, "type": "WRITE", "table": "room_allocations", "operation": "INSERT", "key": 8, "old_value": null, "new_value": {"Allocation_ID": 8, "Member_ID": 119, "Room_ID": 401, "Allocation_Date": "2026-01-10", "Check_Out_Date": "None", "Status": "Active"}, "lsn": 38, "timestamp": 1775306423.514654}
{"txn_id": 1, "type": "WRITE", "table": "room_allocations", "operation": "INSERT", "key": 9, "old_value": null, "new_value": {"Allocation_ID": 9, "Member_ID": 120, "Room_ID": 401, "Allocation_Date": "2026-01-10", "Check_Out_Date": "None", "Status": "Active"}, "lsn": 39, "timestamp": 1775306423.514719}
{"txn_id": 1, "type": "WRITE", "table": "complaint_types", "operation": "INSERT", "key": 1, "old_value": null, "new_value": {"Complaint_Type_ID": 1, "Type_Name": "Plumbing", "Sub_Type": "Water Leakage"}, "lsn": 40, "timestamp": 1775306423.514784}
{"txn_id": 1, "type": "WRITE", "table": "complaint_types", "operation": "INSERT", "key": 2, "old_value": null, "new_value": {"Complaint_Type_ID": 2, "Type_Name": "Electrical", "Sub_Type": "Fan/Light Not Working"}, "lsn": 41, "timestamp": 1775306423.514849}
{"txn_id": 1, "type": "WRITE", "table": "complaint_types", "operation": "INSERT", "key": 3, "old_value": null, "new_value": {"Complaint_Type_ID": 3, "Type_Name": "Civil", "Sub_Type": "Broken Window"}, "lsn": 42, "timestamp": 1775306423.514914}
{"txn_id": 1, "type": "WRITE", "table": "complaint_types", "operation": "INSERT", "key": 4, "old_value": null, "new_value": {"Complaint_Type_ID": 4, "Type_Name": "IT", "Sub_Type": "Wi-Fi Issue"}, "lsn": 43, "timestamp": 1775306423.514972}
{"txn_id": 1, "type": "WRITE", "table": "complaint_types", "operation": "INSERT", "key": 5, "old_value": null, "new_value": {"Complaint_Type_ID": 5, "Type_Name": "Cleaning", "Sub_Type": "Room Not Cleaned"}, "lsn": 44, "timestamp": 1775306423.515038}
{"txn_id": 1, "type": "WRITE", "table": "complaint_types", "operation": "INSERT", "key": 6, "old_value": null, "new_value": {"Complaint_Type_ID": 6, "Type_Name": "Cleaning", "Sub_Type": "Washroom Dirty"}, "lsn": 45, "timestamp": 1775306423.515132}
{"txn_id": 1, "type": "WRITE", "table": "complaint_types", "operation": "INSERT", "key": 7, "old_value": null, "new_value": {"Complaint_Type_ID": 7, "Type_Name": "Food/Mess", "Sub_Type": "Poor Quality"}, "lsn": 46, "timestamp": 1775306423.515241}
{"txn_id": 1, "type": "WRITE", "table": "complaint_types", "operation": "INSERT", "key": 8, "old_value": null, "new_value": {"Complaint_Type_ID": 8, "Type_Name": "Security", "Sub_Type": "Harassment/Safety"}, "lsn": 47, "timestamp": 1775306423.515303}
{"txn_id": 1, "type": "WRITE", "table": "complaint_types", "operation": "INSERT", "key": 9, "old_value": null, "new_value": {"Complaint_Type_ID": 9, "Type_Name": "Furniture", "Sub_Type": "Broken Bed/Chair"}, "lsn": 48, "timestamp": 1775306423.5153658}
{"txn_id": 1, "type": "WRITE", "table": "fee_structures", "operation": "INSERT", "key": 1, "old_value": null, "new_value": {"Fee_Type_ID": 1, "Fee_Name": "Semester Hostel Rent", "Amount": 25000.0, "Academic_Year": "2025-2026"}, "lsn": 49, "timestamp": 1775306423.515429}
{"txn_id": 1, "type": "WRITE", "table": "fee_structures", "operation": "INSERT", "key": 2, "old_value": null, "new_value": {"Fee_Type_ID": 2, "Fee_Name": "Gym Membership", "Amount": 2000.0, "Academic_Year": "2025-2026"}, "lsn": 50, "timestamp": 1775306423.5154939}
{"txn_id": 1, "type": "WRITE", "table": "fee_structures", "operation": "INSERT", "key": 3, "old_value": null, "new_value": {"Fee_Type_ID": 3, "Fee_Name": "Late Fines", "Amount": 500.0, "Academic_Year": "2025-2026"}, "lsn": 51, "timestamp": 1775306423.51556}
{"txn_id": 1, "type": "WRITE", "table": "member_movement_logs", "operation": "INSERT", "key": 1, "old_value": null, "new_value": {"Movement_ID": 1, "Member_ID": 110, "Exit_Time": "2026-04-03 18:00:00", "Entry_Time": "2026-04-03 21:00:00", "Purpose": "Market Visit"}, "lsn": 52, "timestamp": 1775306423.515645}
{"txn_id": 1, "type": "WRITE", "table": "member_movement_logs", "operation": "INSERT", "key": 2, "old_value": null, "new_value": {"Movement_ID": 2, "Member_ID": 117, "Exit_Time": "2026-04-04 08:00:00", "Entry_Time": "None", "Purpose": "Going Home"}, "lsn": 53, "timestamp": 1775306423.515708}
{"txn_id": 1, "type": "COMMIT", "lsn": 54, "timestamp": 1775306423.5157719}
{"txn_id": 1, "type": "BEGIN", "lsn": 55, "timestamp": 1775306717.634551}
{"txn_id": 2, "type": "BEGIN", "lsn": 56, "timestamp": 1775306717.634828}
{"txn_id": 3, "type": "BEGIN", "lsn": 57, "timestamp": 1775306717.635127}
{"txn_id": 4, "type": "BEGIN", "lsn": 59, "timestamp": 1775306717.635457}
{"txn_id": 2, "type": "WRITE", "table": "complaints", "operation": "INSERT", "key": 1, "old_value": null, "new_value": {"Complaint_ID": 1, "Member_ID": 111, "Complaint_Type_ID": 2, "Description": "Room 201 - My laptop charger just sparked!", "Submission_Date": "2026-04-04", "Resolved_Date": "None", "Status": "Pending"}, "lsn": 58, "timestamp": 1775306717.6352608}
{"txn_id": 5, "type": "BEGIN", "lsn": 60, "timestamp": 1775306717.635763}
{"txn_id": 2, "type": "COMMIT", "lsn": 61, "timestamp": 1775306717.635917}
{"txn_id": 1, "type": "WRITE", "table": "complaints", "operation": "INSERT", "key": 2, "old_value": null, "new_value": {"Complaint_ID": 2, "Member_ID": 112, "Complaint_Type_ID": 2, "Description": "Room 202 - Lights are flickering heavily.", "Submission_Date": "2026-04-04", "Resolved_Date": "None", "Status": "Pending"}, "lsn": 62, "timestamp": 1775306717.636584}
{"txn_id": 1, "type": "COMMIT", "lsn": 63, "timestamp": 1775306717.636857}
{"txn_id": 3, "type": "WRITE", "table": "complaints", "operation": "INSERT", "key": 3, "old_value": null, "new_value": {"Complaint_ID": 3, "Member_ID": 113, "Complaint_Type_ID": 2, "Description": "Room 301 - Fan stopped working.", "Submission_Date": "2026-04-04", "Resolved_Date": "None", "Status": "Pending"}, "lsn": 64, "timestamp": 1775306717.637312}
{"txn_id": 3, "type": "COMMIT", "lsn": 65, "timestamp": 1775306717.637568}
{"txn_id": 4, "type": "WRITE", "table": "complaints", "operation": "INSERT", "key": 4, "old_value": null, "new_value": {"Complaint_ID": 4, "Member_ID": 110, "Complaint_Type_ID": 2, "Description": "Room 201 - Power completely out!", "Submission_Date": "2026-04-04", "Resolved_Date": "None", "Status": "Pending"}, "lsn": 66, "timestamp": 1775306717.638308}
{"txn_id": 4, "type": "COMMIT", "lsn": 67, "timestamp": 1775306717.639039}
{"txn_id": 5, "type": "WRITE", "table": "complaints", "operation": "INSERT", "key": 5, "old_value": null, "new_value": {"Complaint_ID": 5, "Member_ID": 116, "Complaint_Type_ID": 2, "Description": "Room 101 - Total blackout in my room.", "Submission_Date": "2026-04-04", "Resolved_Date": "None", "Status": "Pending"}, "lsn": 68, "timestamp": 1775306717.639661}
{"txn_id": 5, "type": "COMMIT", "lsn": 69, "timestamp": 1775306717.639871}
{"txn_id": 6, "type": "BEGIN", "lsn": 70, "timestamp": 1775306771.943325}
{"txn_id": 6, "type": "WRITE", "table": "payments", "operation": "INSERT", "key": 1, "old_value": null, "new_value": {"Payment_ID": 1, "Member_ID": 110, "Fee_Type_ID": 1, "Payment_Date": "2026-04-04", "Amount_Paid": 25000.0, "Payment_Status": "Success", "Transaction_Reference": "TXN-A5E07559"}, "lsn": 71, "timestamp": 1775306771.9441879}
{"txn_id": 6, "type": "COMMIT", "lsn": 72, "timestamp": 1775306771.944433}
