{"tx_id": "f3c7ec1f", "timestamp": "2026-04-05 15:22:37", "op": "BEGIN", "table": null, "key": null, "data": null}
{"tx_id": "f3c7ec1f", "timestamp": "2026-04-05 00:07:13", "op": "UPDATE", "table": "rooms", "key": 101, "data": {"old": {"Room_ID": 101, "Room_Number": "101", "Hostel_ID": 2, "Floor_Number": 1, "Capacity": 2}, "new": {"Room_ID": 101, "Room_Number": "101", "Hostel_ID": 2, "Floor_Number": 1, "Capacity": 5}}}
{"tx_id": "f3c7ec1f", "timestamp": "2026-04-05 15:22:37", "op": "COMMIT", "table": null, "key": null, "data": null}
{"tx_id": "114c1481", "timestamp": "2026-04-05 15:22:37", "op": "BEGIN", "table": null, "key": null, "data": null}
{"tx_id": "114c1481", "timestamp": "2026-04-05 00:07:13", "op": "INSERT", "table": "members", "key": 5003, "data": {"Member_ID": 5003, "First_Name": "StressTest_3", "Last_Name": "User", "Gender": "M", "Age": 20, "Contact_Number": "0000000000", "Email": "user3@test.com", "Emergency_Contact": "0000000000", "Image_Path": "uploads/default.jpg", "Role_ID": 1, "Status": "Active"}}
{"tx_id": "114c1481", "timestamp": "2026-04-05 00:07:13", "op": "UPDATE", "table": "rooms", "key": 101, "data": {"old": {"Room_ID": 101, "Room_Number": "101", "Hostel_ID": 2, "Floor_Number": 1, "Capacity": 5}, "new": {"Room_ID": 101, "Room_Number": "101", "Hostel_ID": 2, "Floor_Number": 1, "Capacity": 4}}}
{"tx_id": "114c1481", "timestamp": "2026-04-05 00:07:13", "op": "INSERT", "table": "room_allocations", "key": 8003, "data": {"Allocation_ID": 8003, "Member_ID": 5003, "Room_ID": 101, "Allocation_Date": "2026-04-05", "Check_Out_Date": "None", "Status": "Active"}}
{"tx_id": "114c1481", "timestamp": "2026-04-05 15:22:37", "op": "COMMIT", "table": null, "key": null, "data": null}
{"tx_id": "91c2d5db", "timestamp": "2026-04-05 15:22:37", "op": "BEGIN", "table": null, "key": null, "data": null}
{"tx_id": "91c2d5db", "timestamp": "2026-04-05 00:07:13", "op": "INSERT", "table": "members", "key": 5001, "data": {"Member_ID": 5001, "First_Name": "StressTest_1", "Last_Name": "User", "Gender": "M", "Age": 20, "Contact_Number": "0000000000", "Email": "user1@test.com", "Emergency_Contact": "0000000000", "Image_Path": "uploads/default.jpg", "Role_ID": 1, "Status": "Active"}}
{"tx_id": "91c2d5db", "timestamp": "2026-04-05 00:07:13", "op": "UPDATE", "table": "rooms", "key": 101, "data": {"old": {"Room_ID": 101, "Room_Number": "101", "Hostel_ID": 2, "Floor_Number": 1, "Capacity": 4}, "new": {"Room_ID": 101, "Room_Number": "101", "Hostel_ID": 2, "Floor_Number": 1, "Capacity": 3}}}
{"tx_id": "91c2d5db", "timestamp": "2026-04-05 00:07:13", "op": "INSERT", "table": "room_allocations", "key": 8001, "data": {"Allocation_ID": 8001, "Member_ID": 5001, "Room_ID": 101, "Allocation_Date": "2026-04-05", "Check_Out_Date": "None", "Status": "Active"}}
{"tx_id": "91c2d5db", "timestamp": "2026-04-05 15:22:37", "op": "COMMIT", "table": null, "key": null, "data": null}
{"tx_id": "01184d02", "timestamp": "2026-04-05 15:22:37", "op": "BEGIN", "table": null, "key": null, "data": null}
{"tx_id": "01184d02", "timestamp": "2026-04-05 00:07:13", "op": "INSERT", "table": "members", "key": 5005, "data": {"Member_ID": 5005, "First_Name": "StressTest_5", "Last_Name": "User", "Gender": "M", "Age": 20, "Contact_Number": "0000000000", "Email": "user5@test.com", "Emergency_Contact": "0000000000", "Image_Path": "uploads/default.jpg", "Role_ID": 1, "Status": "Active"}}
{"tx_id": "01184d02", "timestamp": "2026-04-05 00:07:13", "op": "UPDATE", "table": "rooms", "key": 101, "data": {"old": {"Room_ID": 101, "Room_Number": "101", "Hostel_ID": 2, "Floor_Number": 1, "Capacity": 3}, "new": {"Room_ID": 101, "Room_Number": "101", "Hostel_ID": 2, "Floor_Number": 1, "Capacity": 2}}}
{"tx_id": "01184d02", "timestamp": "2026-04-05 00:07:13", "op": "INSERT", "table": "room_allocations", "key": 8005, "data": {"Allocation_ID": 8005, "Member_ID": 5005, "Room_ID": 101, "Allocation_Date": "2026-04-05", "Check_Out_Date": "None", "Status": "Active"}}
{"tx_id": "01184d02", "timestamp": "2026-04-05 15:22:37", "op": "COMMIT", "table": null, "key": null, "data": null}
{"tx_id": "d088ca3e", "timestamp": "2026-04-05 15:22:37", "op": "BEGIN", "table": null, "key": null, "data": null}
{"tx_id": "d088ca3e", "timestamp": "2026-04-05 00:07:13", "op": "INSERT", "table": "members", "key": 5024, "data": {"Member_ID": 5024, "First_Name": "StressTest_24", "Last_Name": "User", "Gender": "M", "Age": 20, "Contact_Number": "0000000000", "Email": "user24@test.com", "Emergency_Contact": "0000000000", "Image_Path": "uploads/default.jpg", "Role_ID": 1, "Status": "Active"}}
{"tx_id": "d088ca3e", "timestamp": "2026-04-05 00:07:13", "op": "UPDATE", "table": "rooms", "key": 101, "data": {"old": {"Room_ID": 101, "Room_Number": "101", "Hostel_ID": 2, "Floor_Number": 1, "Capacity": 2}, "new": {"Room_ID": 101, "Room_Number": "101", "Hostel_ID": 2, "Floor_Number": 1, "Capacity": 1}}}
{"tx_id": "d088ca3e", "timestamp": "2026-04-05 00:07:13", "op": "INSERT", "table": "room_allocations", "key": 8024, "data": {"Allocation_ID": 8024, "Member_ID": 5024, "Room_ID": 101, "Allocation_Date": "2026-04-05", "Check_Out_Date": "None", "Status": "Active"}}
{"tx_id": "d088ca3e", "timestamp": "2026-04-05 15:22:37", "op": "COMMIT", "table": null, "key": null, "data": null}
{"tx_id": "c907e565", "timestamp": "2026-04-05 15:22:37", "op": "BEGIN", "table": null, "key": null, "data": null}
{"tx_id": "c907e565", "timestamp": "2026-04-05 00:07:13", "op": "INSERT", "table": "members", "key": 5032, "data": {"Member_ID": 5032, "First_Name": "StressTest_32", "Last_Name": "User", "Gender": "M", "Age": 20, "Contact_Number": "0000000000", "Email": "user32@test.com", "Emergency_Contact": "0000000000", "Image_Path": "uploads/default.jpg", "Role_ID": 1, "Status": "Active"}}
{"tx_id": "c907e565", "timestamp": "2026-04-05 00:07:13", "op": "UPDATE", "table": "rooms", "key": 101, "data": {"old": {"Room_ID": 101, "Room_Number": "101", "Hostel_ID": 2, "Floor_Number": 1, "Capacity": 1}, "new": {"Room_ID": 101, "Room_Number": "101", "Hostel_ID": 2, "Floor_Number": 1, "Capacity": 0}}}
{"tx_id": "c907e565", "timestamp": "2026-04-05 00:07:13", "op": "INSERT", "table": "room_allocations", "key": 8032, "data": {"Allocation_ID": 8032, "Member_ID": 5032, "Room_ID": 101, "Allocation_Date": "2026-04-05", "Check_Out_Date": "None", "Status": "Active"}}
{"tx_id": "c907e565", "timestamp": "2026-04-05 15:22:37", "op": "COMMIT", "table": null, "key": null, "data": null}
{"tx_id": "ba251671", "timestamp": "2026-04-05 15:22:37", "op": "BEGIN", "table": null, "key": null, "data": null}
{"tx_id": "ba251671", "timestamp": "2026-04-05 14:31:36", "op": "UPDATE", "table": "rooms", "key": 101, "data": {"old": {"Room_ID": 101, "Room_Number": "101", "Hostel_ID": 2, "Floor_Number": 1, "Capacity": 2}, "new": {"Room_ID": 101, "Room_Number": "101", "Hostel_ID": 2, "Floor_Number": 1, "Capacity": 5}}}
{"tx_id": "ba251671", "timestamp": "2026-04-05 15:22:37", "op": "COMMIT", "table": null, "key": null, "data": null}
{"tx_id": "a857a396", "timestamp": "2026-04-05 15:22:37", "op": "BEGIN", "table": null, "key": null, "data": null}
{"tx_id": "a857a396", "timestamp": "2026-04-05 14:31:36", "op": "INSERT", "table": "members", "key": 5002, "data": {"Member_ID": 5002, "First_Name": "StressTest_2", "Last_Name": "User", "Gender": "M", "Age": 20, "Contact_Number": "0000000000", "Email": "user2@test.com", "Emergency_Contact": "0000000000", "Image_Path": "uploads/default.jpg", "Role_ID": 1, "Status": "Active"}}
{"tx_id": "a857a396", "timestamp": "2026-04-05 14:31:36", "op": "UPDATE", "table": "rooms", "key": 101, "data": {"old": {"Room_ID": 101, "Room_Number": "101", "Hostel_ID": 2, "Floor_Number": 1, "Capacity": 5}, "new": {"Room_ID": 101, "Room_Number": "101", "Hostel_ID": 2, "Floor_Number": 1, "Capacity": 4}}}
{"tx_id": "a857a396", "timestamp": "2026-04-05 14:31:36", "op": "INSERT", "table": "room_allocations", "key": 8002, "data": {"Allocation_ID": 8002, "Member_ID": 5002, "Room_ID": 101, "Allocation_Date": "2026-04-05", "Check_Out_Date": "None", "Status": "Active"}}
{"tx_id": "a857a396", "timestamp": "2026-04-05 15:22:37", "op": "COMMIT", "table": null, "key": null, "data": null}
{"tx_id": "bc9208a5", "timestamp": "2026-04-05 15:22:37", "op": "BEGIN", "table": null, "key": null, "data": null}
{"tx_id": "bc9208a5", "timestamp": "2026-04-05 14:31:36", "op": "INSERT", "table": "members", "key": 5052, "data": {"Member_ID": 5052, "First_Name": "StressTest_52", "Last_Name": "User", "Gender": "M", "Age": 20, "Contact_Number": "0000000000", "Email": "user52@test.com", "Emergency_Contact": "0000000000", "Image_Path": "uploads/default.jpg", "Role_ID": 1, "Status": "Active"}}
{"tx_id": "bc9208a5", "timestamp": "2026-04-05 14:31:36", "op": "UPDATE", "table": "rooms", "key": 101, "data": {"old": {"Room_ID": 101, "Room_Number": "101", "Hostel_ID": 2, "Floor_Number": 1, "Capacity": 4}, "new": {"Room_ID": 101, "Room_Number": "101", "Hostel_ID": 2, "Floor_Number": 1, "Capacity": 3}}}
{"tx_id": "bc9208a5", "timestamp": "2026-04-05 14:31:36", "op": "INSERT", "table": "room_allocations", "key": 8052, "data": {"Allocation_ID": 8052, "Member_ID": 5052, "Room_ID": 101, "Allocation_Date": "2026-04-05", "Check_Out_Date": "None", "Status": "Active"}}
{"tx_id": "bc9208a5", "timestamp": "2026-04-05 15:22:37", "op": "COMMIT", "table": null, "key": null, "data": null}
{"tx_id": "7f39aaef", "timestamp": "2026-04-05 15:22:37", "op": "BEGIN", "table": null, "key": null, "data": null}
{"tx_id": "7f39aaef", "timestamp": "2026-04-05 14:31:36", "op": "INSERT", "table": "members", "key": 5026, "data": {"Member_ID": 5026, "First_Name": "StressTest_26", "Last_Name": "User", "Gender": "M", "Age": 20, "Contact_Number": "0000000000", "Email": "user26@test.com", "Emergency_Contact": "0000000000", "Image_Path": "uploads/default.jpg", "Role_ID": 1, "Status": "Active"}}
{"tx_id": "7f39aaef", "timestamp": "2026-04-05 14:31:36", "op": "UPDATE", "table": "rooms", "key": 101, "data": {"old": {"Room_ID": 101, "Room_Number": "101", "Hostel_ID": 2, "Floor_Number": 1, "Capacity": 3}, "new": {"Room_ID": 101, "Room_Number": "101", "Hostel_ID": 2, "Floor_Number": 1, "Capacity": 2}}}
{"tx_id": "7f39aaef", "timestamp": "2026-04-05 14:31:36", "op": "INSERT", "table": "room_allocations", "key": 8026, "data": {"Allocation_ID": 8026, "Member_ID": 5026, "Room_ID": 101, "Allocation_Date": "2026-04-05", "Check_Out_Date": "None", "Status": "Active"}}
{"tx_id": "7f39aaef", "timestamp": "2026-04-05 15:22:37", "op": "COMMIT", "table": null, "key": null, "data": null}
{"tx_id": "ddb54b3f", "timestamp": "2026-04-05 15:22:37", "op": "BEGIN", "table": null, "key": null, "data": null}
{"tx_id": "ddb54b3f", "timestamp": "2026-04-05 14:31:36", "op": "INSERT", "table": "members", "key": 5089, "data": {"Member_ID": 5089, "First_Name": "StressTest_89", "Last_Name": "User", "Gender": "M", "Age": 20, "Contact_Number": "0000000000", "Email": "user89@test.com", "Emergency_Contact": "0000000000", "Image_Path": "uploads/default.jpg", "Role_ID": 1, "Status": "Active"}}
{"tx_id": "ddb54b3f", "timestamp": "2026-04-05 14:31:36", "op": "UPDATE", "table": "rooms", "key": 101, "data": {"old": {"Room_ID": 101, "Room_Number": "101", "Hostel_ID": 2, "Floor_Number": 1, "Capacity": 2}, "new": {"Room_ID": 101, "Room_Number": "101", "Hostel_ID": 2, "Floor_Number": 1, "Capacity": 1}}}
{"tx_id": "ddb54b3f", "timestamp": "2026-04-05 14:31:36", "op": "INSERT", "table": "room_allocations", "key": 8089, "data": {"Allocation_ID": 8089, "Member_ID": 5089, "Room_ID": 101, "Allocation_Date": "2026-04-05", "Check_Out_Date": "None", "Status": "Active"}}
{"tx_id": "ddb54b3f", "timestamp": "2026-04-05 15:22:37", "op": "COMMIT", "table": null, "key": null, "data": null}
{"tx_id": "4105a610", "timestamp": "2026-04-05 15:22:37", "op": "BEGIN", "table": null, "key": null, "data": null}
{"tx_id": "4105a610", "timestamp": "2026-04-05 14:31:36", "op": "INSERT", "table": "members", "key": 5061, "data": {"Member_ID": 5061, "First_Name": "StressTest_61", "Last_Name": "User", "Gender": "M", "Age": 20, "Contact_Number": "0000000000", "Email": "user61@test.com", "Emergency_Contact": "0000000000", "Image_Path": "uploads/default.jpg", "Role_ID": 1, "Status": "Active"}}
{"tx_id": "4105a610", "timestamp": "2026-04-05 14:31:36", "op": "UPDATE", "table": "rooms", "key": 101, "data": {"old": {"Room_ID": 101, "Room_Number": "101", "Hostel_ID": 2, "Floor_Number": 1, "Capacity": 1}, "new": {"Room_ID": 101, "Room_Number": "101", "Hostel_ID": 2, "Floor_Number": 1, "Capacity": 0}}}
{"tx_id": "4105a610", "timestamp": "2026-04-05 14:31:36", "op": "INSERT", "table": "room_allocations", "key": 8061, "data": {"Allocation_ID": 8061, "Member_ID": 5061, "Room_ID": 101, "Allocation_Date": "2026-04-05", "Check_Out_Date": "None", "Status": "Active"}}
{"tx_id": "4105a610", "timestamp": "2026-04-05 15:22:37", "op": "COMMIT", "table": null, "key": null, "data": null}
{"tx_id": "402e2c06", "timestamp": "2026-04-05 15:22:37", "op": "BEGIN", "table": null, "key": null, "data": null}
{"tx_id": "402e2c06", "timestamp": "2026-04-05 14:35:47", "op": "UPDATE", "table": "rooms", "key": 101, "data": {"old": {"Room_ID": 101, "Room_Number": "101", "Hostel_ID": 2, "Floor_Number": 1, "Capacity": 2}, "new": {"Room_ID": 101, "Room_Number": "101", "Hostel_ID": 2, "Floor_Number": 1, "Capacity": 5}}}
{"tx_id": "402e2c06", "timestamp": "2026-04-05 15:22:37", "op": "COMMIT", "table": null, "key": null, "data": null}
{"tx_id": "68feb7eb", "timestamp": "2026-04-05 15:22:37", "op": "BEGIN", "table": null, "key": null, "data": null}
{"tx_id": "68feb7eb", "timestamp": "2026-04-05 14:35:47", "op": "INSERT", "table": "members", "key": 5059, "data": {"Member_ID": 5059, "First_Name": "StressTest_59", "Last_Name": "User", "Gender": "M", "Age": 20, "Contact_Number": "0000000000", "Email": "user59@test.com", "Emergency_Contact": "0000000000", "Image_Path": "uploads/default.jpg", "Role_ID": 1, "Status": "Active"}}
{"tx_id": "68feb7eb", "timestamp": "2026-04-05 14:35:47", "op": "UPDATE", "table": "rooms", "key": 101, "data": {"old": {"Room_ID": 101, "Room_Number": "101", "Hostel_ID": 2, "Floor_Number": 1, "Capacity": 5}, "new": {"Room_ID": 101, "Room_Number": "101", "Hostel_ID": 2, "Floor_Number": 1, "Capacity": 4}}}
{"tx_id": "68feb7eb", "timestamp": "2026-04-05 14:35:47", "op": "INSERT", "table": "room_allocations", "key": 8059, "data": {"Allocation_ID": 8059, "Member_ID": 5059, "Room_ID": 101, "Allocation_Date": "2026-04-05", "Check_Out_Date": "None", "Status": "Active"}}
{"tx_id": "68feb7eb", "timestamp": "2026-04-05 15:22:37", "op": "COMMIT", "table": null, "key": null, "data": null}
{"tx_id": "cf4615a9", "timestamp": "2026-04-05 15:22:37", "op": "BEGIN", "table": null, "key": null, "data": null}
{"tx_id": "cf4615a9", "timestamp": "2026-04-05 14:35:47", "op": "INSERT", "table": "members", "key": 5030, "data": {"Member_ID": 5030, "First_Name": "StressTest_30", "Last_Name": "User", "Gender": "M", "Age": 20, "Contact_Number": "0000000000", "Email": "user30@test.com", "Emergency_Contact": "0000000000", "Image_Path": "uploads/default.jpg", "Role_ID": 1, "Status": "Active"}}
{"tx_id": "cf4615a9", "timestamp": "2026-04-05 14:35:47", "op": "UPDATE", "table": "rooms", "key": 101, "data": {"old": {"Room_ID": 101, "Room_Number": "101", "Hostel_ID": 2, "Floor_Number": 1, "Capacity": 4}, "new": {"Room_ID": 101, "Room_Number": "101", "Hostel_ID": 2, "Floor_Number": 1, "Capacity": 3}}}
{"tx_id": "cf4615a9", "timestamp": "2026-04-05 14:35:47", "op": "INSERT", "table": "room_allocations", "key": 8030, "data": {"Allocation_ID": 8030, "Member_ID": 5030, "Room_ID": 101, "Allocation_Date": "2026-04-05", "Check_Out_Date": "None", "Status": "Active"}}
{"tx_id": "cf4615a9", "timestamp": "2026-04-05 15:22:37", "op": "COMMIT", "table": null, "key": null, "data": null}
{"tx_id": "46f2b97b", "timestamp": "2026-04-05 15:22:37", "op": "BEGIN", "table": null, "key": null, "data": null}
{"tx_id": "46f2b97b", "timestamp": "2026-04-05 14:35:47", "op": "INSERT", "table": "members", "key": 5013, "data": {"Member_ID": 5013, "First_Name": "StressTest_13", "Last_Name": "User", "Gender": "M", "Age": 20, "Contact_Number": "0000000000", "Email": "user13@test.com", "Emergency_Contact": "0000000000", "Image_Path": "uploads/default.jpg", "Role_ID": 1, "Status": "Active"}}
{"tx_id": "46f2b97b", "timestamp": "2026-04-05 14:35:47", "op": "UPDATE", "table": "rooms", "key": 101, "data": {"old": {"Room_ID": 101, "Room_Number": "101", "Hostel_ID": 2, "Floor_Number": 1, "Capacity": 3}, "new": {"Room_ID": 101, "Room_Number": "101", "Hostel_ID": 2, "Floor_Number": 1, "Capacity": 2}}}
{"tx_id": "46f2b97b", "timestamp": "2026-04-05 14:35:47", "op": "INSERT", "table": "room_allocations", "key": 8013, "data": {"Allocation_ID": 8013, "Member_ID": 5013, "Room_ID": 101, "Allocation_Date": "2026-04-05", "Check_Out_Date": "None", "Status": "Active"}}
{"tx_id": "46f2b97b", "timestamp": "2026-04-05 15:22:37", "op": "COMMIT", "table": null, "key": null, "data": null}
{"tx_id": "7e8d84a6", "timestamp": "2026-04-05 15:22:37", "op": "BEGIN", "table": null, "key": null, "data": null}
{"tx_id": "7e8d84a6", "timestamp": "2026-04-05 14:35:47", "op": "INSERT", "table": "members", "key": 5069, "data": {"Member_ID": 5069, "First_Name": "StressTest_69", "Last_Name": "User", "Gender": "M", "Age": 20, "Contact_Number": "0000000000", "Email": "user69@test.com", "Emergency_Contact": "0000000000", "Image_Path": "uploads/default.jpg", "Role_ID": 1, "Status": "Active"}}
{"tx_id": "7e8d84a6", "timestamp": "2026-04-05 14:35:47", "op": "UPDATE", "table": "rooms", "key": 101, "data": {"old": {"Room_ID": 101, "Room_Number": "101", "Hostel_ID": 2, "Floor_Number": 1, "Capacity": 2}, "new": {"Room_ID": 101, "Room_Number": "101", "Hostel_ID": 2, "Floor_Number": 1, "Capacity": 1}}}
{"tx_id": "7e8d84a6", "timestamp": "2026-04-05 14:35:47", "op": "INSERT", "table": "room_allocations", "key": 8069, "data": {"Allocation_ID": 8069, "Member_ID": 5069, "Room_ID": 101, "Allocation_Date": "2026-04-05", "Check_Out_Date": "None", "Status": "Active"}}
{"tx_id": "7e8d84a6", "timestamp": "2026-04-05 15:22:37", "op": "COMMIT", "table": null, "key": null, "data": null}
{"tx_id": "c0b3e17a", "timestamp": "2026-04-05 15:22:37", "op": "BEGIN", "table": null, "key": null, "data": null}
{"tx_id": "c0b3e17a", "timestamp": "2026-04-05 14:35:47", "op": "INSERT", "table": "members", "key": 5045, "data": {"Member_ID": 5045, "First_Name": "StressTest_45", "Last_Name": "User", "Gender": "M", "Age": 20, "Contact_Number": "0000000000", "Email": "user45@test.com", "Emergency_Contact": "0000000000", "Image_Path": "uploads/default.jpg", "Role_ID": 1, "Status": "Active"}}
{"tx_id": "c0b3e17a", "timestamp": "2026-04-05 14:35:47", "op": "UPDATE", "table": "rooms", "key": 101, "data": {"old": {"Room_ID": 101, "Room_Number": "101", "Hostel_ID": 2, "Floor_Number": 1, "Capacity": 1}, "new": {"Room_ID": 101, "Room_Number": "101", "Hostel_ID": 2, "Floor_Number": 1, "Capacity": 0}}}
{"tx_id": "c0b3e17a", "timestamp": "2026-04-05 14:35:47", "op": "INSERT", "table": "room_allocations", "key": 8045, "data": {"Allocation_ID": 8045, "Member_ID": 5045, "Room_ID": 101, "Allocation_Date": "2026-04-05", "Check_Out_Date": "None", "Status": "Active"}}
{"tx_id": "c0b3e17a", "timestamp": "2026-04-05 15:22:37", "op": "COMMIT", "table": null, "key": null, "data": null}
{"tx_id": "2037d3a6", "timestamp": "2026-04-05 15:22:37", "op": "BEGIN", "table": null, "key": null, "data": null}
{"tx_id": "2037d3a6", "timestamp": "2026-04-05 15:22:36", "op": "INSERT", "table": "members", "key": 9999, "data": {"Member_ID": 9999, "First_Name": "Durability", "Last_Name": "Test", "Gender": "M", "Age": 30, "Contact_Number": "1234567890", "Email": "durability@test.com", "Status": "Active", "Role_ID": 1, "Image_Path": "default.jpg", "Emergency_Contact": "none"}}
{"tx_id": "2037d3a6", "timestamp": "2026-04-05 15:22:37", "op": "COMMIT", "table": null, "key": null, "data": null}
